<?xml version="1.0" encoding="UTF-8"?>
<robot generator="Robot 3.1.2 (Python 3.8.2 on win32)" generated="20200616 13:52:52.096" rpa="false">
<suite id="s1" name="Cadastro" source="C:\intcom\jvm\tests\cadastro.robot">
<test id="s1-t1" name="Cadastrar Usuario">
<kw name="Open Session" library="BasePage" type="setup">
<kw name="Open Browser" library="SeleniumLibrary">
<doc>Opens a new browser instance to the optional ``url``.</doc>
<arguments>
<arg>https://jvmanagement-hmo.azurewebsites.net/</arg>
<arg>chrome</arg>
</arguments>
<msg timestamp="20200616 13:52:52.375" level="INFO">Opening browser 'chrome' to base url 'https://jvmanagement-hmo.azurewebsites.net/'.</msg>
<status status="PASS" starttime="20200616 13:52:52.375" endtime="20200616 13:53:02.835"></status>
</kw>
<kw name="Set Selenium Implicit Wait" library="SeleniumLibrary">
<doc>Sets the implicit wait value used by Selenium.</doc>
<arguments>
<arg>10</arg>
</arguments>
<status status="PASS" starttime="20200616 13:53:02.835" endtime="20200616 13:53:02.837"></status>
</kw>
<status status="PASS" starttime="20200616 13:52:52.374" endtime="20200616 13:53:02.837"></status>
</kw>
<kw name="Dado que estou logado" library="actions">
<kw name="Login With" library="LoginPage">
<arguments>
<arg>agni@intcom.com.br</arg>
<arg>123456</arg>
</arguments>
<kw name="Sleep" library="BuiltIn">
<doc>Pauses the test executed for the given time.</doc>
<arguments>
<arg>5</arg>
</arguments>
<msg timestamp="20200616 13:53:07.840" level="INFO">Slept 5 seconds</msg>
<status status="PASS" starttime="20200616 13:53:02.838" endtime="20200616 13:53:07.840"></status>
</kw>
<kw name="Input Text" library="SeleniumLibrary">
<doc>Types the given ``text`` into the text field identified by ``locator``.</doc>
<arguments>
<arg>css:input[placeholder=Login]</arg>
<arg>${email}</arg>
</arguments>
<msg timestamp="20200616 13:53:07.840" level="INFO">Typing text 'agni@intcom.com.br' into text field 'css:input[placeholder=Login]'.</msg>
<status status="PASS" starttime="20200616 13:53:07.840" endtime="20200616 13:53:08.064"></status>
</kw>
<kw name="Input Text" library="SeleniumLibrary">
<doc>Types the given ``text`` into the text field identified by ``locator``.</doc>
<arguments>
<arg>css:input[placeholder=Password]</arg>
<arg>${pass}</arg>
</arguments>
<msg timestamp="20200616 13:53:08.065" level="INFO">Typing text '123456' into text field 'css:input[placeholder=Password]'.</msg>
<status status="PASS" starttime="20200616 13:53:08.064" endtime="20200616 13:53:08.196"></status>
</kw>
<kw name="Click Element" library="SeleniumLibrary">
<doc>Click the element identified by ``locator``.</doc>
<arguments>
<arg>class:btn-block</arg>
</arguments>
<msg timestamp="20200616 13:53:08.196" level="INFO">Clicking element 'class:btn-block'.</msg>
<status status="PASS" starttime="20200616 13:53:08.196" endtime="20200616 13:53:08.280"></status>
</kw>
<status status="PASS" starttime="20200616 13:53:02.838" endtime="20200616 13:53:08.280"></status>
</kw>
<kw name="Click Element" library="SeleniumLibrary">
<doc>Click the element identified by ``locator``.</doc>
<arguments>
<arg>xpath://at-sidenav-item[7]/a/div/span</arg>
</arguments>
<msg timestamp="20200616 13:53:08.281" level="INFO">Clicking element 'xpath://at-sidenav-item[7]/a/div/span'.</msg>
<status status="PASS" starttime="20200616 13:53:08.280" endtime="20200616 13:53:09.656"></status>
</kw>
<kw name="Click Element" library="SeleniumLibrary">
<doc>Click the element identified by ``locator``.</doc>
<arguments>
<arg>xpath://*[@id="layout-1"]/div/mat-sidenav-container/mat-sidenav[1]/div/app-sidenav/div/at-scrollbar/div[1]/mat-nav-list/at-sidenav-item[7]/mat-nav-list/at-sidenav-item[3]/a/div/span[1]</arg>
</arguments>
<msg timestamp="20200616 13:53:09.658" level="INFO">Clicking element 'xpath://*[@id="layout-1"]/div/mat-sidenav-container/mat-sidenav[1]/div/app-sidenav/div/at-scrollbar/div[1]/mat-nav-list/at-sidenav-item[7]/mat-nav-list/at-sidenav-item[3]/a/div/span[1]'.</msg>
<status status="PASS" starttime="20200616 13:53:09.657" endtime="20200616 13:53:11.980"></status>
</kw>
<kw name="Click Element" library="SeleniumLibrary">
<doc>Click the element identified by ``locator``.</doc>
<arguments>
<arg>css=.btn-new</arg>
</arguments>
<msg timestamp="20200616 13:53:11.981" level="INFO">Clicking element 'css=.btn-new'.</msg>
<status status="PASS" starttime="20200616 13:53:11.980" endtime="20200616 13:53:12.468"></status>
</kw>
<status status="PASS" starttime="20200616 13:53:02.837" endtime="20200616 13:53:12.468"></status>
</kw>
<kw name="Quando eu faço o cadastro desse usuário" library="actions">
<arguments>
<arg>usuario001.json</arg>
</arguments>
<kw name="Get User Json" library="actions">
<arguments>
<arg>${file_name}</arg>
</arguments>
<assign>
<var>${user_json}</var>
</assign>
<kw name="Get File" library="OperatingSystem">
<doc>Returns the contents of a specified file.</doc>
<arguments>
<arg>resources/fixtures/${file_name}</arg>
</arguments>
<assign>
<var>${file}</var>
</assign>
<msg timestamp="20200616 13:53:12.471" level="INFO" html="yes">Getting file '&lt;a href="file://C:\intcom\jvm\resources\fixtures\usuario001.json"&gt;C:\intcom\jvm\resources\fixtures\usuario001.json&lt;/a&gt;'.</msg>
<msg timestamp="20200616 13:53:12.472" level="INFO">${file} = {
  "name": "Lara",
  "email": "lara@teste.com.br",
  "phone": "21985685545",
  "profile": "Profile Teste"
}
</msg>
<status status="PASS" starttime="20200616 13:53:12.470" endtime="20200616 13:53:12.472"></status>
</kw>
<kw name="Evaluate" library="BuiltIn">
<doc>Evaluates the given expression in Python and returns the results.</doc>
<arguments>
<arg>json.loads($file)</arg>
<arg>json</arg>
</arguments>
<assign>
<var>${json}</var>
</assign>
<msg timestamp="20200616 13:53:12.485" level="INFO">${json} = {'name': 'Lara', 'email': 'lara@teste.com.br', 'phone': '21985685545', 'profile': 'Profile Teste'}</msg>
<status status="PASS" starttime="20200616 13:53:12.472" endtime="20200616 13:53:12.485"></status>
</kw>
<msg timestamp="20200616 13:53:12.486" level="INFO">${user_json} = {'name': 'Lara', 'email': 'lara@teste.com.br', 'phone': '21985685545', 'profile': 'Profile Teste'}</msg>
<status status="PASS" starttime="20200616 13:53:12.470" endtime="20200616 13:53:12.486"></status>
</kw>
<kw name="Set Test Variable" library="BuiltIn">
<doc>Makes a variable available everywhere within the scope of the current test.</doc>
<arguments>
<arg>${user_json}</arg>
</arguments>
<msg timestamp="20200616 13:53:12.487" level="INFO">${user_json} = {'name': 'Lara', 'email': 'lara@teste.com.br', 'phone': '21985685545', 'profile': 'Profile Teste'}</msg>
<status status="PASS" starttime="20200616 13:53:12.486" endtime="20200616 13:53:12.487"></status>
</kw>
<kw name="Create New User" library="UserPage">
<arguments>
<arg>${user_json}</arg>
</arguments>
<kw name="Set Selenium Speed" library="SeleniumLibrary">
<doc>Sets the delay that is waited after each Selenium command.</doc>
<arguments>
<arg>1</arg>
</arguments>
<status status="PASS" starttime="20200616 13:53:12.488" endtime="20200616 13:53:12.488"></status>
</kw>
<kw name="Wait Until Element Is Visible" library="SeleniumLibrary">
<doc>Waits until the element ``locator`` is visible.</doc>
<arguments>
<arg>xpath://*[@class='mat-checkbox-inner-container']</arg>
</arguments>
<status status="PASS" starttime="20200616 13:53:12.488" endtime="20200616 13:53:14.535"></status>
</kw>
<kw name="Click Element" library="SeleniumLibrary">
<doc>Click the element identified by ``locator``.</doc>
<arguments>
<arg>xpath://*[@class='mat-checkbox-inner-container']</arg>
</arguments>
<msg timestamp="20200616 13:53:14.536" level="INFO">Clicking element 'xpath://*[@class='mat-checkbox-inner-container']'.</msg>
<status status="PASS" starttime="20200616 13:53:14.536" endtime="20200616 13:53:16.650"></status>
</kw>
<kw name="Input Text" library="SeleniumLibrary">
<doc>Types the given ``text`` into the text field identified by ``locator``.</doc>
<arguments>
<arg>css:input[formcontrolname='userName']</arg>
<arg>${user_json['name']}</arg>
</arguments>
<msg timestamp="20200616 13:53:16.651" level="INFO">Typing text 'Lara' into text field 'css:input[formcontrolname='userName']'.</msg>
<status status="PASS" starttime="20200616 13:53:16.650" endtime="20200616 13:53:19.871"></status>
</kw>
<kw name="Input Text" library="SeleniumLibrary">
<doc>Types the given ``text`` into the text field identified by ``locator``.</doc>
<arguments>
<arg>css:input[formcontrolname='userEmail']</arg>
<arg>${user_json['email']}</arg>
</arguments>
<msg timestamp="20200616 13:53:19.871" level="INFO">Typing text 'lara@teste.com.br' into text field 'css:input[formcontrolname='userEmail']'.</msg>
<status status="PASS" starttime="20200616 13:53:19.871" endtime="20200616 13:53:23.212"></status>
</kw>
<kw name="Input Text" library="SeleniumLibrary">
<doc>Types the given ``text`` into the text field identified by ``locator``.</doc>
<arguments>
<arg>css:input[formcontrolname='userMobile']</arg>
<arg>${user_json['phone']}</arg>
</arguments>
<msg timestamp="20200616 13:53:23.214" level="INFO">Typing text '21985685545' into text field 'css:input[formcontrolname='userMobile']'.</msg>
<status status="PASS" starttime="20200616 13:53:23.213" endtime="20200616 13:53:26.487"></status>
</kw>
<kw name="Click Element" library="SeleniumLibrary">
<doc>Click the element identified by ``locator``.</doc>
<arguments>
<arg>css:input[placeholder='Profiles *']</arg>
</arguments>
<msg timestamp="20200616 13:53:26.487" level="INFO">Clicking element 'css:input[placeholder='Profiles *']'.</msg>
<status status="PASS" starttime="20200616 13:53:26.487" endtime="20200616 13:53:28.644"></status>
</kw>
<kw name="Input Text" library="SeleniumLibrary">
<doc>Types the given ``text`` into the text field identified by ``locator``.</doc>
<arguments>
<arg>css:input[placeholder='Profiles *']</arg>
<arg>${user_json['profile']}</arg>
</arguments>
<msg timestamp="20200616 13:53:28.644" level="INFO">Typing text 'Profile Teste' into text field 'css:input[placeholder='Profiles *']'.</msg>
<status status="PASS" starttime="20200616 13:53:28.644" endtime="20200616 13:53:32.254"></status>
</kw>
<kw name="Press Keys" library="SeleniumLibrary">
<doc>Simulates the user pressing key(s) to an element or on the active browser.</doc>
<arguments>
<arg>css:input[placeholder='Profiles *']</arg>
<arg>ENTER</arg>
</arguments>
<msg timestamp="20200616 13:53:32.255" level="INFO">Sending key(s) ('ENTER',) to css:input[placeholder='Profiles *'] element.</msg>
<msg timestamp="20200616 13:53:34.557" level="INFO">Pressing special key ENTER to element.</msg>
<msg timestamp="20200616 13:53:34.557" level="INFO">Releasing special key ENTER.</msg>
<status status="PASS" starttime="20200616 13:53:32.254" endtime="20200616 13:53:35.642"></status>
</kw>
<kw name="Sleep" library="BuiltIn">
<doc>Pauses the test executed for the given time.</doc>
<arguments>
<arg>10</arg>
</arguments>
<msg timestamp="20200616 13:53:45.643" level="INFO">Slept 10 seconds</msg>
<status status="PASS" starttime="20200616 13:53:35.642" endtime="20200616 13:53:45.643"></status>
</kw>
<kw name="Press Keys" library="SeleniumLibrary">
<doc>Simulates the user pressing key(s) to an element or on the active browser.</doc>
<arguments>
<arg>css:input[placeholder='Profiles *']</arg>
<arg>TAB</arg>
</arguments>
<msg timestamp="20200616 13:53:45.644" level="INFO">Sending key(s) ('TAB',) to css:input[placeholder='Profiles *'] element.</msg>
<msg timestamp="20200616 13:53:48.049" level="INFO">Pressing special key TAB to element.</msg>
<msg timestamp="20200616 13:53:48.049" level="INFO">Releasing special key TAB.</msg>
<status status="PASS" starttime="20200616 13:53:45.643" endtime="20200616 13:53:49.067"></status>
</kw>
<kw name="Wait Until Element Is Visible" library="SeleniumLibrary">
<doc>Waits until the element ``locator`` is visible.</doc>
<arguments>
<arg>css: .row .col-3:nth-of-type(1) .row.ng-star-inserted:nth-of-type(2) .mat-checkbox .mat-checkbox-layout .mat-checkbox-inner-container</arg>
</arguments>
<status status="PASS" starttime="20200616 13:53:49.067" endtime="20200616 13:53:51.100"></status>
</kw>
<kw name="Sleep" library="BuiltIn">
<doc>Pauses the test executed for the given time.</doc>
<arguments>
<arg>2</arg>
</arguments>
<msg timestamp="20200616 13:53:53.102" level="INFO">Slept 2 seconds</msg>
<status status="PASS" starttime="20200616 13:53:51.100" endtime="20200616 13:53:53.102"></status>
</kw>
<kw name="Click Element" library="SeleniumLibrary">
<doc>Click the element identified by ``locator``.</doc>
<arguments>
<arg>css: .row .col-3:nth-of-type(1) .row.ng-star-inserted:nth-of-type(2) .mat-checkbox .mat-checkbox-layout .mat-checkbox-inner-container</arg>
</arguments>
<msg timestamp="20200616 13:53:53.103" level="INFO">Clicking element 'css: .row .col-3:nth-of-type(1) .row.ng-star-inserted:nth-of-type(2) .mat-checkbox .mat-checkbox-layout .mat-checkbox-inner-container'.</msg>
<status status="PASS" starttime="20200616 13:53:53.103" endtime="20200616 13:53:55.307"></status>
</kw>
<kw name="Sleep" library="BuiltIn">
<doc>Pauses the test executed for the given time.</doc>
<arguments>
<arg>2</arg>
</arguments>
<msg timestamp="20200616 13:53:57.308" level="INFO">Slept 2 seconds</msg>
<status status="PASS" starttime="20200616 13:53:55.307" endtime="20200616 13:53:57.308"></status>
</kw>
<kw name="Wait Until Element Is Visible" library="SeleniumLibrary">
<doc>Waits until the element ``locator`` is visible.</doc>
<arguments>
<arg>css: .row .col-3:nth-of-type(2) .row.ng-star-inserted:nth-of-type(5) .mat-checkbox .mat-checkbox-layout .mat-checkbox-inner-container</arg>
</arguments>
<status status="PASS" starttime="20200616 13:53:57.308" endtime="20200616 13:53:59.347"></status>
</kw>
<kw name="Sleep" library="BuiltIn">
<doc>Pauses the test executed for the given time.</doc>
<arguments>
<arg>2</arg>
</arguments>
<msg timestamp="20200616 13:54:01.348" level="INFO">Slept 2 seconds</msg>
<status status="PASS" starttime="20200616 13:53:59.347" endtime="20200616 13:54:01.348"></status>
</kw>
<kw name="Click Element" library="SeleniumLibrary">
<doc>Click the element identified by ``locator``.</doc>
<arguments>
<arg>css: .row .col-3:nth-of-type(2) .row.ng-star-inserted:nth-of-type(5) .mat-checkbox .mat-checkbox-layout .mat-checkbox-inner-container</arg>
</arguments>
<msg timestamp="20200616 13:54:01.348" level="INFO">Clicking element 'css: .row .col-3:nth-of-type(2) .row.ng-star-inserted:nth-of-type(5) .mat-checkbox .mat-checkbox-layout .mat-checkbox-inner-container'.</msg>
<status status="PASS" starttime="20200616 13:54:01.348" endtime="20200616 13:54:03.439"></status>
</kw>
<kw name="Wait Until Element Is Visible" library="SeleniumLibrary">
<doc>Waits until the element ``locator`` is visible.</doc>
<arguments>
<arg>css: .mat-button:nth-of-type(2)</arg>
</arguments>
<status status="PASS" starttime="20200616 13:54:03.439" endtime="20200616 13:54:05.473"></status>
</kw>
<kw name="Sleep" library="BuiltIn">
<doc>Pauses the test executed for the given time.</doc>
<arguments>
<arg>2</arg>
</arguments>
<msg timestamp="20200616 13:54:07.475" level="INFO">Slept 2 seconds</msg>
<status status="PASS" starttime="20200616 13:54:05.473" endtime="20200616 13:54:07.475"></status>
</kw>
<kw name="Click Element" library="SeleniumLibrary">
<doc>Click the element identified by ``locator``.</doc>
<arguments>
<arg>css: .mat-button:nth-of-type(2) .mat-button-wrapper</arg>
</arguments>
<msg timestamp="20200616 13:54:07.476" level="INFO">Clicking element 'css: .mat-button:nth-of-type(2) .mat-button-wrapper'.</msg>
<status status="PASS" starttime="20200616 13:54:07.476" endtime="20200616 13:54:09.609"></status>
</kw>
<kw name="Sleep" library="BuiltIn">
<doc>Pauses the test executed for the given time.</doc>
<arguments>
<arg>10</arg>
</arguments>
<msg timestamp="20200616 13:54:19.609" level="INFO">Slept 10 seconds</msg>
<status status="PASS" starttime="20200616 13:54:09.609" endtime="20200616 13:54:19.610"></status>
</kw>
<kw name="Set Test Variable" library="BuiltIn">
<doc>Makes a variable available everywhere within the scope of the current test.</doc>
<arguments>
<arg>${user_json}</arg>
</arguments>
<msg timestamp="20200616 13:54:19.611" level="INFO">${user_json} = {'name': 'Lara', 'email': 'lara@teste.com.br', 'phone': '21985685545', 'profile': 'Profile Teste'}</msg>
<status status="PASS" starttime="20200616 13:54:19.610" endtime="20200616 13:54:19.611"></status>
</kw>
<status status="PASS" starttime="20200616 13:53:12.487" endtime="20200616 13:54:19.611"></status>
</kw>
<status status="PASS" starttime="20200616 13:53:12.469" endtime="20200616 13:54:19.611"></status>
</kw>
<kw name="Então devo ver o usuário cadastrado na listagem" library="actions">
<kw name="Wait Until Page Contains" library="SeleniumLibrary">
<doc>Waits until ``text`` appears on the current page.</doc>
<arguments>
<arg>Lara</arg>
</arguments>
<status status="PASS" starttime="20200616 13:54:19.613" endtime="20200616 13:54:20.632"></status>
</kw>
<status status="PASS" starttime="20200616 13:54:19.613" endtime="20200616 13:54:20.632"></status>
</kw>
<kw name="Close Session" library="BasePage" type="teardown">
<kw name="Close Browser" library="SeleniumLibrary">
<doc>Closes the current browser.</doc>
<status status="PASS" starttime="20200616 13:54:20.633" endtime="20200616 13:54:23.748"></status>
</kw>
<status status="PASS" starttime="20200616 13:54:20.633" endtime="20200616 13:54:23.748"></status>
</kw>
<status status="PASS" starttime="20200616 13:52:52.373" endtime="20200616 13:54:23.749" critical="yes"></status>
</test>
<doc>Cadastro de Usuário
Sendo um usuário com perfil ADM
Quero cadastrar usuários
Para que eu possa utilizar o sistema de acordo com a permissão</doc>
<status status="PASS" starttime="20200616 13:52:52.097" endtime="20200616 13:54:23.750"></status>
</suite>
<statistics>
<total>
<stat pass="1" fail="0">Critical Tests</stat>
<stat pass="1" fail="0">All Tests</stat>
</total>
<tag>
</tag>
<suite>
<stat pass="1" fail="0" id="s1" name="Cadastro">Cadastro</stat>
</suite>
</statistics>
<errors>
</errors>
</robot>
